[2026-04-02 17:40:09,252]: INFO: main: Starting the Data Science Project...
[2026-04-02 17:40:42,769]: INFO: main: Starting the Data Science Project...
[2026-04-03 11:25:40,199]: INFO: common: yaml file: config\config.yaml loaded successfully
[2026-04-03 11:25:40,211]: INFO: common: yaml file: params.yaml loaded successfully
[2026-04-03 11:25:40,214]: INFO: common: yaml file: schema.yaml loaded successfully
[2026-04-03 11:25:40,217]: INFO: common: created directory at: artifacts
[2026-04-03 11:25:40,219]: INFO: common: created directory at: artifacts/data_ingestion
[2026-04-03 11:25:44,307]: INFO: 1943654847: artifacts/data_ingestion/data.zip downloaded with following info: 
Connection: close
Content-Length: 23329
Cache-Control: max-age=300
Content-Security-Policy: default-src 'none'; style-src 'unsafe-inline'; sandbox
Content-Type: application/zip
ETag: "c69888a4ae59bc5a893392785a938ccd4937981c06ba8a9d6a21aa52b4ab5b6e"
Strict-Transport-Security: max-age=31536000
X-Content-Type-Options: nosniff
X-Frame-Options: deny
X-XSS-Protection: 1; mode=block
X-GitHub-Request-Id: F176:1384EE:3848CB:3F55DE:69CF565E
Accept-Ranges: bytes
Date: Fri, 03 Apr 2026 05:55:43 GMT
Via: 1.1 varnish
X-Served-By: cache-del-vibw2260027-DEL
X-Cache: MISS
X-Cache-Hits: 0
X-Timer: S1775195744.520234,VS0,VE288
Vary: Authorization,Accept-Encoding
Access-Control-Allow-Origin: *
Cross-Origin-Resource-Policy: cross-origin
X-Fastly-Request-ID: c6e0b224e727ed14721876be835d601397c58c10
Expires: Fri, 03 Apr 2026 06:00:43 GMT
Source-Age: 0


[2026-04-03 20:02:10,539]: INFO: main: >>>>>> stage Data Ingestion Stage started <<<<<<
[2026-04-03 20:02:10,553]: INFO: common: yaml file: config\config.yaml loaded successfully
[2026-04-03 20:02:10,574]: INFO: common: yaml file: params.yaml loaded successfully
[2026-04-03 20:02:10,590]: INFO: common: yaml file: schema.yaml loaded successfully
[2026-04-03 20:02:10,592]: INFO: common: created directory at: artifacts
[2026-04-03 20:02:10,592]: INFO: common: created directory at: artifacts/data_ingestion
[2026-04-03 20:02:12,836]: INFO: data_ingestion: artifacts/data_ingestion/data.zip downloaded with following info: 
Connection: close
Content-Length: 23329
Cache-Control: max-age=300
Content-Security-Policy: default-src 'none'; style-src 'unsafe-inline'; sandbox
Content-Type: application/zip
ETag: "c69888a4ae59bc5a893392785a938ccd4937981c06ba8a9d6a21aa52b4ab5b6e"
Strict-Transport-Security: max-age=31536000
X-Content-Type-Options: nosniff
X-Frame-Options: deny
X-XSS-Protection: 1; mode=block
X-GitHub-Request-Id: 2692:2513B0:281AA:3AA91:69CFCF6C
Accept-Ranges: bytes
Date: Fri, 03 Apr 2026 14:32:12 GMT
Via: 1.1 varnish
X-Served-By: cache-del-vibw2260024-DEL
X-Cache: MISS
X-Cache-Hits: 0
X-Timer: S1775226732.208982,VS0,VE323
Vary: Authorization,Accept-Encoding
Access-Control-Allow-Origin: *
Cross-Origin-Resource-Policy: cross-origin
X-Fastly-Request-ID: e211962f925dbcdecf441b6bca9c4b0babb898a6
Expires: Fri, 03 Apr 2026 14:37:12 GMT
Source-Age: 0


[2026-04-03 20:02:12,855]: INFO: main: >>>>>> stage Data Ingestion Stage completed <<<<<<

x==========x
